RankitLite/build/outputs/logs/manifest-merger-release-report.txt
-- Merging decision tree log ---
manifest
ADDED from Rankit\RankitLite\AndroidManifest.xml:2:1-163:12
	package
		ADDED from Rankit\RankitLite\AndroidManifest.xml:3:9-43
		INJECTED from Rankit\RankitLite\AndroidManifest.xml
		INJECTED from Rankit\RankitLite\AndroidManifest.xml
	android:versionName
		ADDED from Rankit\RankitLite\AndroidManifest.xml:5:5-32
		INJECTED from Rankit\RankitLite\AndroidManifest.xml
		INJECTED from Rankit\RankitLite\AndroidManifest.xml
	android:versionCode
		ADDED from Rankit\RankitLite\AndroidManifest.xml:4:5-29
		INJECTED from Rankit\RankitLite\AndroidManifest.xml
		INJECTED from Rankit\RankitLite\AndroidManifest.xml
	xmlns:android
		ADDED from Rankit\RankitLite\AndroidManifest.xml:2:11-69
	android:installLocation
		ADDED from Rankit\RankitLite\AndroidManifest.xml:6:6-36
uses-permission#android.permission.RECORD_AUDIO
ADDED from Rankit\RankitLite\AndroidManifest.xml:10:5-71
	android:name
		ADDED from Rankit\RankitLite\AndroidManifest.xml:10:22-68
uses-permission#android.permission.ACCESS_COARSE_LOCATION
ADDED from Rankit\RankitLite\AndroidManifest.xml:12:5-81
	android:name
		ADDED from Rankit\RankitLite\AndroidManifest.xml:12:22-78
uses-permission#android.permission.ACCESS_FINE_LOCATION
ADDED from Rankit\RankitLite\AndroidManifest.xml:13:5-79
	android:name
		ADDED from Rankit\RankitLite\AndroidManifest.xml:13:22-76
uses-permission#android.permission.ACCESS_LOCATION_EXTRA_COMMANDS
ADDED from Rankit\RankitLite\AndroidManifest.xml:14:5-89
	android:name
		ADDED from Rankit\RankitLite\AndroidManifest.xml:14:22-86
uses-permission#android.permission.CAMERA
ADDED from Rankit\RankitLite\AndroidManifest.xml:16:5-65
	android:name
		ADDED from Rankit\RankitLite\AndroidManifest.xml:16:22-62
uses-permission#android.permission.VIBRATE
ADDED from Rankit\RankitLite\AndroidManifest.xml:17:5-66
	android:name
		ADDED from Rankit\RankitLite\AndroidManifest.xml:17:22-63
uses-permission#android.permission.INTERNET
ADDED from Rankit\RankitLite\AndroidManifest.xml:18:5-67
	android:name
		ADDED from Rankit\RankitLite\AndroidManifest.xml:18:22-64
uses-permission#android.permission.ACCESS_NETWORK_STATE
ADDED from Rankit\RankitLite\AndroidManifest.xml:19:5-79
	android:name
		ADDED from Rankit\RankitLite\AndroidManifest.xml:19:22-76
uses-permission#android.permission.WRITE_EXTERNAL_STORAGE
ADDED from Rankit\RankitLite\AndroidManifest.xml:20:5-81
	android:name
		ADDED from Rankit\RankitLite\AndroidManifest.xml:20:22-78
uses-permission#android.permission.SEND_SMS
ADDED from Rankit\RankitLite\AndroidManifest.xml:21:5-66
	android:name
		ADDED from Rankit\RankitLite\AndroidManifest.xml:21:22-64
uses-permission#android.permission.RECEIVE_SMS
ADDED from Rankit\RankitLite\AndroidManifest.xml:22:5-69
	android:name
		ADDED from Rankit\RankitLite\AndroidManifest.xml:22:22-67
uses-permission#android.permission.READ_SMS
ADDED from Rankit\RankitLite\AndroidManifest.xml:23:5-66
	android:name
		ADDED from Rankit\RankitLite\AndroidManifest.xml:23:22-64
uses-permission#android.permission.CALL_PHONE
ADDED from Rankit\RankitLite\AndroidManifest.xml:24:5-68
	android:name
		ADDED from Rankit\RankitLite\AndroidManifest.xml:24:22-66
uses-permission#android.permission.READ_PHONE_STATE
ADDED from Rankit\RankitLite\AndroidManifest.xml:25:5-74
	android:name
		ADDED from Rankit\RankitLite\AndroidManifest.xml:25:22-72
uses-permission#android.permission.READ_CONTACTS
ADDED from Rankit\RankitLite\AndroidManifest.xml:26:5-72
	android:name
		ADDED from Rankit\RankitLite\AndroidManifest.xml:26:22-69
uses-permission#com.google.android.c2dm.permission.RECEIVE
ADDED from Rankit\RankitLite\AndroidManifest.xml:29:5-82
	android:name
		ADDED from Rankit\RankitLite\AndroidManifest.xml:29:22-79
uses-permission#android.permission.GET_ACCOUNTS
ADDED from Rankit\RankitLite\AndroidManifest.xml:30:5-71
	android:name
		ADDED from Rankit\RankitLite\AndroidManifest.xml:30:22-68
uses-permission#android.permission.WAKE_LOCK
ADDED from Rankit\RankitLite\AndroidManifest.xml:31:5-68
	android:name
		ADDED from Rankit\RankitLite\AndroidManifest.xml:31:22-65
permission#com.therankit.rankitlite.permission.C2D_MESSAGE
ADDED from Rankit\RankitLite\AndroidManifest.xml:32:5-118
	android:protectionLevel
		ADDED from Rankit\RankitLite\AndroidManifest.xml:32:80-115
	android:name
		ADDED from Rankit\RankitLite\AndroidManifest.xml:32:17-79
uses-permission#com.therankit.rankitlite.permission.C2D_MESSAGE
ADDED from Rankit\RankitLite\AndroidManifest.xml:33:5-88
	android:name
		ADDED from Rankit\RankitLite\AndroidManifest.xml:33:22-84
uses-permission#com.google.map.permission.MAPS_RECEIVE
ADDED from Rankit\RankitLite\AndroidManifest.xml:38:5-103
	android:required
		ADDED from Rankit\RankitLite\AndroidManifest.xml:38:77-101
	android:name
		ADDED from Rankit\RankitLite\AndroidManifest.xml:38:22-75
uses-permission#com.google.android.providers.gsf.permission.READ_GSERVICES
ADDED from Rankit\RankitLite\AndroidManifest.xml:39:5-123
	android:required
		ADDED from Rankit\RankitLite\AndroidManifest.xml:39:97-121
	android:name
		ADDED from Rankit\RankitLite\AndroidManifest.xml:39:22-95
uses-feature#android.hardware.telephony.cdma
ADDED from Rankit\RankitLite\AndroidManifest.xml:42:5-92
	android:required
		ADDED from Rankit\RankitLite\AndroidManifest.xml:42:66-90
	android:name
		ADDED from Rankit\RankitLite\AndroidManifest.xml:42:19-65
uses-feature#android.hardware.telephony.gsm
ADDED from Rankit\RankitLite\AndroidManifest.xml:43:5-91
	android:required
		ADDED from Rankit\RankitLite\AndroidManifest.xml:43:65-89
	android:name
		ADDED from Rankit\RankitLite\AndroidManifest.xml:43:19-64
uses-feature#android.hardware.telephony
ADDED from Rankit\RankitLite\AndroidManifest.xml:44:5-88
	android:required
		ADDED from Rankit\RankitLite\AndroidManifest.xml:44:61-85
	android:name
		ADDED from Rankit\RankitLite\AndroidManifest.xml:44:19-60
uses-feature#android.hardware.camera
ADDED from Rankit\RankitLite\AndroidManifest.xml:46:5-84
	android:required
		ADDED from Rankit\RankitLite\AndroidManifest.xml:46:58-82
	android:name
		ADDED from Rankit\RankitLite\AndroidManifest.xml:46:19-57
uses-feature#android.hardware.camera.autofocus
ADDED from Rankit\RankitLite\AndroidManifest.xml:47:5-95
	android:required
		ADDED from Rankit\RankitLite\AndroidManifest.xml:47:68-92
	android:name
		ADDED from Rankit\RankitLite\AndroidManifest.xml:47:19-67
uses-feature#android.hardware.location
ADDED from Rankit\RankitLite\AndroidManifest.xml:48:5-87
	android:required
		ADDED from Rankit\RankitLite\AndroidManifest.xml:48:60-84
	android:name
		ADDED from Rankit\RankitLite\AndroidManifest.xml:48:19-59
uses-feature#android.hardware.location.network
ADDED from Rankit\RankitLite\AndroidManifest.xml:49:5-95
	android:required
		ADDED from Rankit\RankitLite\AndroidManifest.xml:49:68-92
	android:name
		ADDED from Rankit\RankitLite\AndroidManifest.xml:49:19-67
uses-feature#android.hardware.location.gps
ADDED from Rankit\RankitLite\AndroidManifest.xml:50:5-91
	android:required
		ADDED from Rankit\RankitLite\AndroidManifest.xml:50:64-88
	android:name
		ADDED from Rankit\RankitLite\AndroidManifest.xml:50:19-63
permission#com.google.map.permission.MAPS_RECEIVE
ADDED from Rankit\RankitLite\AndroidManifest.xml:53:5-109
	android:protectionLevel
		ADDED from Rankit\RankitLite\AndroidManifest.xml:53:72-107
	android:name
		ADDED from Rankit\RankitLite\AndroidManifest.xml:53:17-70
application
ADDED from Rankit\RankitLite\AndroidManifest.xml:55:5-143:19
MERGED from [Rankit:CountryPicker:unspecified] AndroidManifest.xml:11:5-16:19
MERGED from [com.android.support:support-v4:23.2.0] AndroidManifest.xml:22:5-20
MERGED from [com.afollestad:core:unspecified] AndroidManifest.xml:13:5-20
MERGED from [com.android.support:support-v4:23.2.0] AndroidManifest.xml:22:5-20
MERGED from [com.android.support:appcompat-v7:23.2.0] AndroidManifest.xml:25:5-20
MERGED from [com.android.support:support-v4:23.2.0] AndroidManifest.xml:22:5-20
MERGED from [com.android.support:animated-vector-drawable:23.2.0] AndroidManifest.xml:7:5-20
MERGED from [com.android.support:support-vector-drawable:23.2.0] AndroidManifest.xml:7:5-20
MERGED from [com.android.support:support-v4:23.2.0] AndroidManifest.xml:22:5-20
MERGED from [com.android.support:support-vector-drawable:23.2.0] AndroidManifest.xml:7:5-20
MERGED from [com.android.support:support-v4:23.2.0] AndroidManifest.xml:22:5-20
MERGED from [com.android.support:support-v4:23.2.0] AndroidManifest.xml:22:5-20
MERGED from [com.android.support:cardview-v7:23.2.0] AndroidManifest.xml:22:5-20
MERGED from [com.android.support:appcompat-v7:23.2.0] AndroidManifest.xml:25:5-20
MERGED from [com.android.support:support-v4:23.2.0] AndroidManifest.xml:22:5-20
MERGED from [com.android.support:animated-vector-drawable:23.2.0] AndroidManifest.xml:7:5-20
MERGED from [com.android.support:support-vector-drawable:23.2.0] AndroidManifest.xml:7:5-20
MERGED from [com.android.support:support-v4:23.2.0] AndroidManifest.xml:22:5-20
MERGED from [com.android.support:support-vector-drawable:23.2.0] AndroidManifest.xml:7:5-20
MERGED from [com.android.support:support-v4:23.2.0] AndroidManifest.xml:22:5-20
MERGED from [com.afollestad:commons:unspecified] AndroidManifest.xml:12:5-20
MERGED from [com.afollestad:core:unspecified] AndroidManifest.xml:13:5-20
MERGED from [com.android.support:support-v4:23.2.0] AndroidManifest.xml:22:5-20
MERGED from [com.android.support:appcompat-v7:23.2.0] AndroidManifest.xml:25:5-20
MERGED from [com.android.support:support-v4:23.2.0] AndroidManifest.xml:22:5-20
MERGED from [com.android.support:animated-vector-drawable:23.2.0] AndroidManifest.xml:7:5-20
MERGED from [com.android.support:support-vector-drawable:23.2.0] AndroidManifest.xml:7:5-20
MERGED from [com.android.support:support-v4:23.2.0] AndroidManifest.xml:22:5-20
MERGED from [com.android.support:support-vector-drawable:23.2.0] AndroidManifest.xml:7:5-20
MERGED from [com.android.support:support-v4:23.2.0] AndroidManifest.xml:22:5-20
MERGED from [com.android.support:support-v4:23.2.0] AndroidManifest.xml:22:5-20
MERGED from [com.android.support:cardview-v7:23.2.0] AndroidManifest.xml:22:5-20
MERGED from [com.android.support:appcompat-v7:23.2.0] AndroidManifest.xml:25:5-20
MERGED from [com.android.support:support-v4:23.2.0] AndroidManifest.xml:22:5-20
MERGED from [com.android.support:animated-vector-drawable:23.2.0] AndroidManifest.xml:7:5-20
MERGED from [com.android.support:support-vector-drawable:23.2.0] AndroidManifest.xml:7:5-20
MERGED from [com.android.support:support-v4:23.2.0] AndroidManifest.xml:22:5-20
MERGED from [com.android.support:support-vector-drawable:23.2.0] AndroidManifest.xml:7:5-20
MERGED from [com.android.support:support-v4:23.2.0] AndroidManifest.xml:22:5-20
MERGED from [com.android.support:gridlayout-v7:23.2.0] AndroidManifest.xml:22:5-20
MERGED from [com.android.support:support-v4:23.2.0] AndroidManifest.xml:22:5-20
MERGED from [com.android.support:design:23.2.0] AndroidManifest.xml:22:5-20
MERGED from [com.android.support:support-v4:23.2.0] AndroidManifest.xml:22:5-20
MERGED from [com.android.support:appcompat-v7:23.2.0] AndroidManifest.xml:25:5-20
MERGED from [com.android.support:support-v4:23.2.0] AndroidManifest.xml:22:5-20
MERGED from [com.android.support:animated-vector-drawable:23.2.0] AndroidManifest.xml:7:5-20
MERGED from [com.android.support:support-vector-drawable:23.2.0] AndroidManifest.xml:7:5-20
MERGED from [com.android.support:support-v4:23.2.0] AndroidManifest.xml:22:5-20
MERGED from [com.android.support:support-vector-drawable:23.2.0] AndroidManifest.xml:7:5-20
MERGED from [com.android.support:support-v4:23.2.0] AndroidManifest.xml:22:5-20
MERGED from [com.android.support:support-v4:23.2.0] AndroidManifest.xml:22:5-20
	android:label
		ADDED from Rankit\RankitLite\AndroidManifest.xml:60:9-41
	android:supportsRtl
		ADDED from Rankit\RankitLite\AndroidManifest.xml:58:9-35
	android:allowBackup
		ADDED from Rankit\RankitLite\AndroidManifest.xml:57:9-35
	android:icon
		ADDED from Rankit\RankitLite\AndroidManifest.xml:59:9-45
	android:theme
		ADDED from Rankit\RankitLite\AndroidManifest.xml:61:9-40
	android:name
		ADDED from Rankit\RankitLite\AndroidManifest.xml:56:9-45
receiver#com.google.android.gcm.GCMBroadcastReceiver
ADDED from Rankit\RankitLite\AndroidManifest.xml:72:9-80:20
	android:permission
		ADDED from Rankit\RankitLite\AndroidManifest.xml:74:13-73
	android:name
		ADDED from Rankit\RankitLite\AndroidManifest.xml:73:13-71
intent-filter#com.google.android.c2dm.intent.RECEIVE+com.google.android.c2dm.intent.REGISTRATION+com.therankit.rankitlite
ADDED from Rankit\RankitLite\AndroidManifest.xml:75:13-79:29
action#com.google.android.c2dm.intent.RECEIVE
ADDED from Rankit\RankitLite\AndroidManifest.xml:76:17-81
	android:name
		ADDED from Rankit\RankitLite\AndroidManifest.xml:76:25-78
action#com.google.android.c2dm.intent.REGISTRATION
ADDED from Rankit\RankitLite\AndroidManifest.xml:77:15-84
	android:name
		ADDED from Rankit\RankitLite\AndroidManifest.xml:77:23-81
category#com.therankit.rankitlite
ADDED from Rankit\RankitLite\AndroidManifest.xml:78:17-69
	android:name
		ADDED from Rankit\RankitLite\AndroidManifest.xml:78:27-66
service#com.therankit.rankitlite.GCMIntentService
ADDED from Rankit\RankitLite\AndroidManifest.xml:82:6-50
	android:name
		ADDED from Rankit\RankitLite\AndroidManifest.xml:82:15-47
activity#com.afollestad.materialdialogssample.MainActivity
ADDED from Rankit\RankitLite\AndroidManifest.xml:83:9-90:20
	android:label
		ADDED from Rankit\RankitLite\AndroidManifest.xml:85:13-45
	android:name
		ADDED from Rankit\RankitLite\AndroidManifest.xml:84:13-77
activity#com.afollestad.materialdialogssample.PreferenceActivity
ADDED from Rankit\RankitLite\AndroidManifest.xml:92:9-94:58
	android:label
		ADDED from Rankit\RankitLite\AndroidManifest.xml:94:13-55
	android:name
		ADDED from Rankit\RankitLite\AndroidManifest.xml:93:13-83
activity#com.afollestad.materialdialogssample.PreferenceActivityCompat
ADDED from Rankit\RankitLite\AndroidManifest.xml:96:9-98:58
	android:label
		ADDED from Rankit\RankitLite\AndroidManifest.xml:98:13-55
	android:name
		ADDED from Rankit\RankitLite\AndroidManifest.xml:97:13-89
activity#com.therankit.home.SplashScreen
ADDED from Rankit\RankitLite\AndroidManifest.xml:100:9-113:20
	android:screenOrientation
		ADDED from Rankit\RankitLite\AndroidManifest.xml:104:13-49
	android:label
		ADDED from Rankit\RankitLite\AndroidManifest.xml:102:13-45
	android:configChanges
		ADDED from Rankit\RankitLite\AndroidManifest.xml:105:13-47
	android:icon
		ADDED from Rankit\RankitLite\AndroidManifest.xml:103:13-49
	android:name
		ADDED from Rankit\RankitLite\AndroidManifest.xml:101:13-59
intent-filter#android.intent.action.MAIN+android.intent.category.LAUNCHER
ADDED from Rankit\RankitLite\AndroidManifest.xml:107:13-111:29
action#android.intent.action.MAIN
ADDED from Rankit\RankitLite\AndroidManifest.xml:108:17-68
	android:name
		ADDED from Rankit\RankitLite\AndroidManifest.xml:108:25-66
category#android.intent.category.LAUNCHER
ADDED from Rankit\RankitLite\AndroidManifest.xml:110:17-77
	android:name
		ADDED from Rankit\RankitLite\AndroidManifest.xml:110:27-74
activity#com.therankit.home.MainActivity_new
ADDED from Rankit\RankitLite\AndroidManifest.xml:114:9-81
	android:name
		ADDED from Rankit\RankitLite\AndroidManifest.xml:114:19-69
activity#com.therankit.home.MainActivity
ADDED from Rankit\RankitLite\AndroidManifest.xml:115:10-78
	android:name
		ADDED from Rankit\RankitLite\AndroidManifest.xml:115:20-66
activity#com.therankit.home.Welcome
ADDED from Rankit\RankitLite\AndroidManifest.xml:116:9-72
	android:name
		ADDED from Rankit\RankitLite\AndroidManifest.xml:116:19-60
activity#com.therankit.home.SignInActivity
ADDED from Rankit\RankitLite\AndroidManifest.xml:117:9-79
	android:name
		ADDED from Rankit\RankitLite\AndroidManifest.xml:117:19-67
activity#com.therankit.home.HomeGrid
ADDED from Rankit\RankitLite\AndroidManifest.xml:118:9-111
	android:screenOrientation
		ADDED from Rankit\RankitLite\AndroidManifest.xml:118:62-98
	android:name
		ADDED from Rankit\RankitLite\AndroidManifest.xml:118:19-61
activity#com.therankit.home.contry
ADDED from Rankit\RankitLite\AndroidManifest.xml:119:9-71
	android:name
		ADDED from Rankit\RankitLite\AndroidManifest.xml:119:19-59
activity#com.therankit.home.SignUpActivity
ADDED from Rankit\RankitLite\AndroidManifest.xml:120:9-79
	android:name
		ADDED from Rankit\RankitLite\AndroidManifest.xml:120:19-67
activity#com.therankit.home.MainActivity_Menu
ADDED from Rankit\RankitLite\AndroidManifest.xml:122:9-82
	android:name
		ADDED from Rankit\RankitLite\AndroidManifest.xml:122:19-70
activity#com.therankit.best.detailBest
ADDED from Rankit\RankitLite\AndroidManifest.xml:123:9-75
	android:name
		ADDED from Rankit\RankitLite\AndroidManifest.xml:123:19-63
activity#com.therankit.best.BestTabsActivity
ADDED from Rankit\RankitLite\AndroidManifest.xml:124:9-81
	android:name
		ADDED from Rankit\RankitLite\AndroidManifest.xml:124:19-69
activity#com.therankit.services.detailService
ADDED from Rankit\RankitLite\AndroidManifest.xml:125:9-82
	android:name
		ADDED from Rankit\RankitLite\AndroidManifest.xml:125:19-70
activity#com.therankit.services.ServicesTabsActivity
ADDED from Rankit\RankitLite\AndroidManifest.xml:126:9-89
	android:name
		ADDED from Rankit\RankitLite\AndroidManifest.xml:126:19-77
activity#com.therankit.services.IconTextTabsActivity
ADDED from Rankit\RankitLite\AndroidManifest.xml:127:9-89
	android:name
		ADDED from Rankit\RankitLite\AndroidManifest.xml:127:19-77
activity#com.therankit.services.detail_entreprise_service
ADDED from Rankit\RankitLite\AndroidManifest.xml:128:9-94
	android:name
		ADDED from Rankit\RankitLite\AndroidManifest.xml:128:19-82
activity#com.therankit.product.detailProduct
ADDED from Rankit\RankitLite\AndroidManifest.xml:129:9-81
	android:name
		ADDED from Rankit\RankitLite\AndroidManifest.xml:129:19-69
activity#com.therankit.product.ProductTabsActivite
ADDED from Rankit\RankitLite\AndroidManifest.xml:130:9-87
	android:name
		ADDED from Rankit\RankitLite\AndroidManifest.xml:130:19-75
activity#com.therankit.community.CommunityTabsActivit
ADDED from Rankit\RankitLite\AndroidManifest.xml:131:9-90
	android:name
		ADDED from Rankit\RankitLite\AndroidManifest.xml:131:19-78
activity#com.therankit.community.RequireTabsActivit
ADDED from Rankit\RankitLite\AndroidManifest.xml:132:9-88
	android:name
		ADDED from Rankit\RankitLite\AndroidManifest.xml:132:19-76
activity#com.therankit.community.LireComment
ADDED from Rankit\RankitLite\AndroidManifest.xml:133:10-82
	android:name
		ADDED from Rankit\RankitLite\AndroidManifest.xml:133:20-70
meta-data#com.google.android.maps.v2.API_KEY
ADDED from Rankit\RankitLite\AndroidManifest.xml:139:1-119
	android:value
		ADDED from Rankit\RankitLite\AndroidManifest.xml:139:62-117
	android:name
		ADDED from Rankit\RankitLite\AndroidManifest.xml:139:12-61
meta-data#com.google.android.gms.version
ADDED from Rankit\RankitLite\AndroidManifest.xml:140:1-142:25
	android:value
		ADDED from Rankit\RankitLite\AndroidManifest.xml:142:5-22
	android:name
		ADDED from Rankit\RankitLite\AndroidManifest.xml:141:13-58
supports-screens
ADDED from Rankit\RankitLite\AndroidManifest.xml:152:1-159:3
	android:largeScreens
		ADDED from Rankit\RankitLite\AndroidManifest.xml:153:1-28
	android:smallScreens
		ADDED from Rankit\RankitLite\AndroidManifest.xml:155:1-28
	android:normalScreens
		ADDED from Rankit\RankitLite\AndroidManifest.xml:154:1-29
	android:xlargeScreens
		ADDED from Rankit\RankitLite\AndroidManifest.xml:156:1-29
	android:resizeable
		ADDED from Rankit\RankitLite\AndroidManifest.xml:157:1-26
	android:anyDensity
		ADDED from Rankit\RankitLite\AndroidManifest.xml:158:1-26
uses-sdk
INJECTED from Rankit\RankitLite\AndroidManifest.xml reason: use-sdk injection requested
MERGED from [Rankit:CountryPicker:unspecified] AndroidManifest.xml:7:5-9:41
MERGED from [com.android.support:support-v4:23.2.0] AndroidManifest.xml:20:5-43
MERGED from [com.afollestad:core:unspecified] AndroidManifest.xml:8:5-11:75
MERGED from [com.android.support:support-v4:23.2.0] AndroidManifest.xml:20:5-43
MERGED from [com.android.support:appcompat-v7:23.2.0] AndroidManifest.xml:21:5-23:78
MERGED from [com.android.support:support-v4:23.2.0] AndroidManifest.xml:20:5-43
MERGED from [com.android.support:animated-vector-drawable:23.2.0] AndroidManifest.xml:5:5-44
MERGED from [com.android.support:support-vector-drawable:23.2.0] AndroidManifest.xml:5:5-43
MERGED from [com.android.support:support-v4:23.2.0] AndroidManifest.xml:20:5-43
MERGED from [com.android.support:support-vector-drawable:23.2.0] AndroidManifest.xml:5:5-43
MERGED from [com.android.support:support-v4:23.2.0] AndroidManifest.xml:20:5-43
MERGED from [com.android.support:recyclerview-v7:23.2.0] AndroidManifest.xml:20:5-43
MERGED from [com.android.support:support-v4:23.2.0] AndroidManifest.xml:20:5-43
MERGED from [com.android.support:cardview-v7:23.2.0] AndroidManifest.xml:20:5-43
MERGED from [me.zhanghai.android.materialprogressbar:library:1.1.5] AndroidManifest.xml:12:5-14:41
MERGED from [com.android.support:appcompat-v7:23.2.0] AndroidManifest.xml:21:5-23:78
MERGED from [com.android.support:support-v4:23.2.0] AndroidManifest.xml:20:5-43
MERGED from [com.android.support:animated-vector-drawable:23.2.0] AndroidManifest.xml:5:5-44
MERGED from [com.android.support:support-vector-drawable:23.2.0] AndroidManifest.xml:5:5-43
MERGED from [com.android.support:support-v4:23.2.0] AndroidManifest.xml:20:5-43
MERGED from [com.android.support:support-vector-drawable:23.2.0] AndroidManifest.xml:5:5-43
MERGED from [com.android.support:support-v4:23.2.0] AndroidManifest.xml:20:5-43
MERGED from [com.afollestad:commons:unspecified] AndroidManifest.xml:8:5-10:41
MERGED from [com.afollestad:core:unspecified] AndroidManifest.xml:8:5-11:75
MERGED from [com.android.support:support-v4:23.2.0] AndroidManifest.xml:20:5-43
MERGED from [com.android.support:appcompat-v7:23.2.0] AndroidManifest.xml:21:5-23:78
MERGED from [com.android.support:support-v4:23.2.0] AndroidManifest.xml:20:5-43
MERGED from [com.android.support:animated-vector-drawable:23.2.0] AndroidManifest.xml:5:5-44
MERGED from [com.android.support:support-vector-drawable:23.2.0] AndroidManifest.xml:5:5-43
MERGED from [com.android.support:support-v4:23.2.0] AndroidManifest.xml:20:5-43
MERGED from [com.android.support:support-vector-drawable:23.2.0] AndroidManifest.xml:5:5-43
MERGED from [com.android.support:support-v4:23.2.0] AndroidManifest.xml:20:5-43
MERGED from [com.android.support:recyclerview-v7:23.2.0] AndroidManifest.xml:20:5-43
MERGED from [com.android.support:support-v4:23.2.0] AndroidManifest.xml:20:5-43
MERGED from [com.android.support:cardview-v7:23.2.0] AndroidManifest.xml:20:5-43
MERGED from [me.zhanghai.android.materialprogressbar:library:1.1.5] AndroidManifest.xml:12:5-14:41
MERGED from [com.android.support:appcompat-v7:23.2.0] AndroidManifest.xml:21:5-23:78
MERGED from [com.android.support:support-v4:23.2.0] AndroidManifest.xml:20:5-43
MERGED from [com.android.support:animated-vector-drawable:23.2.0] AndroidManifest.xml:5:5-44
MERGED from [com.android.support:support-vector-drawable:23.2.0] AndroidManifest.xml:5:5-43
MERGED from [com.android.support:support-v4:23.2.0] AndroidManifest.xml:20:5-43
MERGED from [com.android.support:support-vector-drawable:23.2.0] AndroidManifest.xml:5:5-43
MERGED from [com.android.support:support-v4:23.2.0] AndroidManifest.xml:20:5-43
MERGED from [com.android.support:gridlayout-v7:23.2.0] AndroidManifest.xml:20:5-43
MERGED from [com.android.support:support-v4:23.2.0] AndroidManifest.xml:20:5-43
MERGED from [com.android.support:design:23.2.0] AndroidManifest.xml:20:5-43
MERGED from [com.android.support:recyclerview-v7:23.2.0] AndroidManifest.xml:20:5-43
MERGED from [com.android.support:support-v4:23.2.0] AndroidManifest.xml:20:5-43
MERGED from [com.android.support:appcompat-v7:23.2.0] AndroidManifest.xml:21:5-23:78
MERGED from [com.android.support:support-v4:23.2.0] AndroidManifest.xml:20:5-43
MERGED from [com.android.support:animated-vector-drawable:23.2.0] AndroidManifest.xml:5:5-44
MERGED from [com.android.support:support-vector-drawable:23.2.0] AndroidManifest.xml:5:5-43
MERGED from [com.android.support:support-v4:23.2.0] AndroidManifest.xml:20:5-43
MERGED from [com.android.support:support-vector-drawable:23.2.0] AndroidManifest.xml:5:5-43
MERGED from [com.android.support:support-v4:23.2.0] AndroidManifest.xml:20:5-43
MERGED from [com.android.support:support-v4:23.2.0] AndroidManifest.xml:20:5-43
	tools:overrideLibrary
		ADDED from [com.afollestad:core:unspecified] AndroidManifest.xml:11:9-72
	android:targetSdkVersion
		INJECTED from Rankit\RankitLite\AndroidManifest.xml
		INJECTED from Rankit\RankitLite\AndroidManifest.xml
	android:minSdkVersion
		INJECTED from Rankit\RankitLite\AndroidManifest.xml
		INJECTED from Rankit\RankitLite\AndroidManifest.xml